mode: set
github.com/MGajendra22/GoFr/store/user/store.go:12.32,14.2 1 1
github.com/MGajendra22/GoFr/store/user/store.go:16.85,21.16 4 1
github.com/MGajendra22/GoFr/store/user/store.go:21.16,23.3 1 1
github.com/MGajendra22/GoFr/store/user/store.go:25.2,26.16 2 1
github.com/MGajendra22/GoFr/store/user/store.go:26.16,28.3 1 0
github.com/MGajendra22/GoFr/store/user/store.go:29.2,31.18 2 1
github.com/MGajendra22/GoFr/store/user/store.go:34.78,41.16 5 1
github.com/MGajendra22/GoFr/store/user/store.go:41.16,43.3 1 1
github.com/MGajendra22/GoFr/store/user/store.go:45.2,45.18 1 1
github.com/MGajendra22/GoFr/store/user/store.go:48.64,52.2 3 1
github.com/MGajendra22/GoFr/store/user/store.go:54.71,59.16 4 1
github.com/MGajendra22/GoFr/store/user/store.go:59.16,61.3 1 1
github.com/MGajendra22/GoFr/store/user/store.go:63.2,63.29 1 1
github.com/MGajendra22/GoFr/store/user/store.go:63.29,65.17 2 1
github.com/MGajendra22/GoFr/store/user/store.go:65.18,67.4 0 0
github.com/MGajendra22/GoFr/store/user/store.go:70.2,72.18 2 1
github.com/MGajendra22/GoFr/store/user/store.go:72.18,74.61 2 1
github.com/MGajendra22/GoFr/store/user/store.go:74.61,76.4 1 0
github.com/MGajendra22/GoFr/store/user/store.go:78.3,78.27 1 1
github.com/MGajendra22/GoFr/store/user/store.go:81.2,81.19 1 1
