mode: set
github.com/MGajendra22/GoFr/handler/user/handler.go:16.64,18.2 1 1
github.com/MGajendra22/GoFr/handler/user/handler.go:20.60,24.35 2 1
github.com/MGajendra22/GoFr/handler/user/handler.go:24.35,26.3 1 1
github.com/MGajendra22/GoFr/handler/user/handler.go:28.2,29.16 2 1
github.com/MGajendra22/GoFr/handler/user/handler.go:29.16,31.3 1 1
github.com/MGajendra22/GoFr/handler/user/handler.go:33.2,33.19 1 1
github.com/MGajendra22/GoFr/handler/user/handler.go:36.57,39.16 2 1
github.com/MGajendra22/GoFr/handler/user/handler.go:39.16,41.3 1 1
github.com/MGajendra22/GoFr/handler/user/handler.go:43.2,44.16 2 1
github.com/MGajendra22/GoFr/handler/user/handler.go:44.16,46.3 1 1
github.com/MGajendra22/GoFr/handler/user/handler.go:48.2,48.19 1 1
github.com/MGajendra22/GoFr/handler/user/handler.go:52.60,54.16 2 1
github.com/MGajendra22/GoFr/handler/user/handler.go:54.16,56.3 1 1
github.com/MGajendra22/GoFr/handler/user/handler.go:57.2,58.16 2 1
github.com/MGajendra22/GoFr/handler/user/handler.go:58.16,60.3 1 1
github.com/MGajendra22/GoFr/handler/user/handler.go:62.2,62.69 1 1
github.com/MGajendra22/GoFr/handler/user/handler.go:66.57,69.16 2 0
github.com/MGajendra22/GoFr/handler/user/handler.go:69.16,71.3 1 0
github.com/MGajendra22/GoFr/handler/user/handler.go:73.2,73.19 1 0
github.com/MGajendra22/GoFr/handler/user/mock_interface.go:33.85,37.2 3 1
github.com/MGajendra22/GoFr/handler/user/mock_interface.go:40.83,42.2 1 1
github.com/MGajendra22/GoFr/handler/user/mock_interface.go:45.78,51.2 5 0
github.com/MGajendra22/GoFr/handler/user/mock_interface.go:54.73,57.2 2 0
github.com/MGajendra22/GoFr/handler/user/mock_interface.go:60.92,66.2 5 1
github.com/MGajendra22/GoFr/handler/user/mock_interface.go:69.79,72.2 2 1
github.com/MGajendra22/GoFr/handler/user/mock_interface.go:75.74,80.2 4 1
github.com/MGajendra22/GoFr/handler/user/mock_interface.go:83.80,86.2 2 1
github.com/MGajendra22/GoFr/handler/user/mock_interface.go:89.84,95.2 5 1
github.com/MGajendra22/GoFr/handler/user/mock_interface.go:98.77,101.2 2 1
