mode: set
github.com/MGajendra22/GoFr/store/task/store.go:14.24,16.2 1 1
github.com/MGajendra22/GoFr/store/task/store.go:21.77,25.16 3 1
github.com/MGajendra22/GoFr/store/task/store.go:25.16,27.3 1 1
github.com/MGajendra22/GoFr/store/task/store.go:29.2,30.16 2 1
github.com/MGajendra22/GoFr/store/task/store.go:30.16,32.3 1 1
github.com/MGajendra22/GoFr/store/task/store.go:34.2,36.15 2 1
github.com/MGajendra22/GoFr/store/task/store.go:41.73,47.16 4 1
github.com/MGajendra22/GoFr/store/task/store.go:47.16,49.3 1 1
github.com/MGajendra22/GoFr/store/task/store.go:51.2,51.15 1 1
github.com/MGajendra22/GoFr/store/task/store.go:55.61,58.16 3 1
github.com/MGajendra22/GoFr/store/task/store.go:58.16,60.3 1 1
github.com/MGajendra22/GoFr/store/task/store.go:62.2,64.16 2 1
github.com/MGajendra22/GoFr/store/task/store.go:64.16,66.3 1 1
github.com/MGajendra22/GoFr/store/task/store.go:68.2,68.19 1 1
github.com/MGajendra22/GoFr/store/task/store.go:68.19,70.3 1 0
github.com/MGajendra22/GoFr/store/task/store.go:72.2,72.12 1 1
github.com/MGajendra22/GoFr/store/task/store.go:76.59,79.16 3 1
github.com/MGajendra22/GoFr/store/task/store.go:79.16,81.3 1 1
github.com/MGajendra22/GoFr/store/task/store.go:83.2,84.16 2 1
github.com/MGajendra22/GoFr/store/task/store.go:84.16,86.3 1 1
github.com/MGajendra22/GoFr/store/task/store.go:88.2,88.19 1 1
github.com/MGajendra22/GoFr/store/task/store.go:88.19,90.3 1 0
github.com/MGajendra22/GoFr/store/task/store.go:92.2,92.12 1 1
github.com/MGajendra22/GoFr/store/task/store.go:96.66,99.16 3 1
github.com/MGajendra22/GoFr/store/task/store.go:99.16,101.3 1 1
github.com/MGajendra22/GoFr/store/task/store.go:110.2,112.18 2 1
github.com/MGajendra22/GoFr/store/task/store.go:112.18,114.73 2 1
github.com/MGajendra22/GoFr/store/task/store.go:114.73,116.4 1 1
github.com/MGajendra22/GoFr/store/task/store.go:118.3,118.27 1 1
github.com/MGajendra22/GoFr/store/task/store.go:121.2,121.35 1 1
github.com/MGajendra22/GoFr/store/task/store.go:121.35,123.3 1 0
github.com/MGajendra22/GoFr/store/task/store.go:125.2,125.19 1 1
github.com/MGajendra22/GoFr/store/task/store.go:129.88,133.16 3 1
github.com/MGajendra22/GoFr/store/task/store.go:133.16,135.3 1 1
github.com/MGajendra22/GoFr/store/task/store.go:144.2,146.18 2 1
github.com/MGajendra22/GoFr/store/task/store.go:146.18,148.73 2 1
github.com/MGajendra22/GoFr/store/task/store.go:148.73,150.4 1 1
github.com/MGajendra22/GoFr/store/task/store.go:152.3,152.27 1 1
github.com/MGajendra22/GoFr/store/task/store.go:155.2,155.35 1 1
github.com/MGajendra22/GoFr/store/task/store.go:155.35,157.3 1 0
github.com/MGajendra22/GoFr/store/task/store.go:159.2,159.19 1 1
